
Allocating common symbols
Common symbol       size              file

current_page_directory
                    0x4               mm/paging.o
init_stack          0x2000            mm/paging.o
proc1               0x1c              proc/proc.o
gdt_entries         0x38              boot/init_tables.o
current_tss         0x68              boot/init_tables.o
init_pgtbl          0x1000            mm/paging.o
idt_entries         0x800             boot/init_tables.o
kernel_page_directory
                    0x4               mm/paging.o
kern_heap           0xc               mm/kheap.o
page_map            0x20000           mm/alloc.o
i_ptr               0x6               boot/init_tables.o
next_alloc_address  0x4               mm/kheap.o
PPAInstance         0x400             mm/ppa.o
init_regs           0x40              proc/proc.o
core_stack          0x4               main.o
init_pgdir          0x1000            mm/paging.o
interrupt_handlers  0x400             boot/isr.o
g_ptr               0x6               boot/init_tables.o

Memory Configuration

Name             Origin             Length             Attributes
*default*        0x0000000000000000 0xffffffffffffffff

Linker script and memory map

                0x0000000000100000                PROVIDE (kern_start, 0x100000)
                0x00000000c0100000                . = 0xc0100000

.text           0x00000000c0100000     0x7878 load address 0x0000000000100000
                0x00000000c0100000                code = .
 *(.text)
 .text          0x00000000c0100000     0x405a bootstrap.o
                0x00000000c0100000                mboot
                0x000000010010001f                start
 *fill*         0x00000000c010405a        0x2 00
 .text          0x00000000c010405c      0x2d9 boot/acpi.o
                0x00000000c0104067                validateChecksum
                0x00000000c010409f                init_acpi
 *fill*         0x00000000c0104335        0xb 00
 .text          0x00000000c0104340      0x1f4 boot/interrupt.o
                0x00000000c0104340                isr0
                0x00000000c010434a                isr1
                0x00000000c0104354                isr2
                0x00000000c010435e                isr3
                0x00000000c0104368                isr4
                0x00000000c0104372                isr5
                0x00000000c010437c                isr6
                0x00000000c0104386                isr7
                0x00000000c0104390                isr8
                0x00000000c0104398                isr9
                0x00000000c01043a2                isr10
                0x00000000c01043aa                isr11
                0x00000000c01043b2                isr12
                0x00000000c01043ba                isr13
                0x00000000c01043c2                isr14
                0x00000000c01043ca                isr15
                0x00000000c01043d4                isr16
                0x00000000c01043de                isr17
                0x00000000c01043e8                isr18
                0x00000000c01043f2                isr19
                0x00000000c01043fc                isr20
                0x00000000c0104406                isr21
                0x00000000c0104410                isr22
                0x00000000c010441a                isr23
                0x00000000c0104424                isr24
                0x00000000c010442e                isr25
                0x00000000c0104438                isr26
                0x00000000c0104442                isr27
                0x00000000c010444c                isr28
                0x00000000c0104456                isr29
                0x00000000c0104460                isr30
                0x00000000c010446a                isr31
                0x00000000c0104471                irq0
                0x00000000c010447b                irq1
                0x00000000c0104485                irq2
                0x00000000c010448f                irq3
                0x00000000c0104496                irq4
                0x00000000c010449d                irq5
                0x00000000c01044a4                irq6
                0x00000000c01044ab                irq7
                0x00000000c01044b2                irq8
                0x00000000c01044b9                irq9
                0x00000000c01044c0                irq10
                0x00000000c01044c7                irq11
                0x00000000c01044ce                irq12
                0x00000000c01044d5                irq13
                0x00000000c01044dc                irq14
                0x00000000c01044e3                irq15
 .text          0x00000000c0104534      0x370 boot/isr.o
                0x00000000c0104534                register_interrupt_handler
                0x00000000c0104550                isr_handler
                0x00000000c01046d7                irq_handler
 *fill*         0x00000000c01048a4        0xc 00
 .text          0x00000000c01048b0       0x2d boot/gdt.o
                0x00000000c01048b0                gdt_flush
                0x00000000c01048cd                idt_flush
                0x00000000c01048d5                tss_flush
 *fill*         0x00000000c01048dd        0x3 00
 .text          0x00000000c01048e0      0xb36 boot/init_tables.o
                0x00000000c01048e0                set_tss
                0x00000000c01052e9                init_seg
                0x00000000c01053aa                init_idt
 *fill*         0x00000000c0105416        0x2 00
 .text          0x00000000c0105418      0x642 core/console.o
                0x00000000c0105418                move_cursor
                0x00000000c01054d8                update_cursor
                0x00000000c01055e5                printf
                0x00000000c0105725                put_char
                0x00000000c010583b                put_string
                0x00000000c0105871                put_hex
                0x00000000c0105928                put_decimal
                0x00000000c01059f8                clear_screen
 *fill*         0x00000000c0105a5a        0x2 00
 .text          0x00000000c0105a5c       0xbe core/io.o
                0x00000000c0105a5c                zero
                0x00000000c0105a85                out_byte
                0x00000000c0105aa3                in_byte
                0x00000000c0105acd                in_short
                0x00000000c0105af9                read_eflags
                0x00000000c0105b0e                cli
                0x00000000c0105b14                sti
 *fill*         0x00000000c0105b1a        0x2 00
 .text          0x00000000c0105b1c      0x187 core/string.o
                0x00000000c0105b1c                memcpy
                0x00000000c0105b54                memset
                0x00000000c0105b86                memset32
                0x00000000c0105bb1                memcmp
                0x00000000c0105bf0                strcmp
                0x00000000c0105c41                strcpy
                0x00000000c0105c63                strcat
 *fill*         0x00000000c0105ca3        0x1 00
 .text          0x00000000c0105ca4      0x33b mm/mmap.o
                0x00000000c0105cdb                read_mmap
                0x00000000c0105d3d                map_kernel
                0x00000000c0105e25                kmalloc
                0x00000000c0105f81                print_mmap_entry
 *fill*         0x00000000c0105fdf        0x1 00
 .text          0x00000000c0105fe0      0x26d mm/paging.o
                0x00000000c0106054                set_page_directory
                0x00000000c0106066                is_mapped
                0x00000000c01060d7                map_page
                0x00000000c010613d                unmap_page
                0x00000000c010618b                init_paging
                0x00000000c01061c4                invalidate_page
                0x00000000c01061cf                page_fault_handler
 *fill*         0x00000000c010624d        0x3 00
 .text          0x00000000c0106250      0x32d mm/alloc.o
                0x00000000c0106404                init_alloc
                0x00000000c010652b                alloc_page_frame
                0x00000000c010656a                free_page_frame
 *fill*         0x00000000c010657d        0x3 00
 .text          0x00000000c0106580      0x4c0 mm/kheap.o
                0x00000000c01065b7                init_kheap
                0x00000000c0106765                kalloc
                0x00000000c01069d3                kfree
                0x00000000c0106a3b                brk
 .text          0x00000000c0106a40      0x2d9 mm/ppa.o
                0x00000000c0106a77                ppa_init
                0x00000000c0106b6f                alloc_page
                0x00000000c0106c43                free_page
 *fill*         0x00000000c0106d19        0x3 00
 .text          0x00000000c0106d1c       0x88 lib/list.o
                0x00000000c0106d1c                list_add
                0x00000000c0106d45                list_remove
 .text          0x00000000c0106da4       0xde util/debug.o
                0x00000000c0106da4                trace_stack
                0x00000000c0106e08                _debug
                0x00000000c0106e31                _panic
                0x00000000c0106e5a                _assert
 *fill*         0x00000000c0106e82        0x2 00
 .text          0x00000000c0106e84      0x185 drivers/kbd.o
                0x00000000c0106fed                kbd_install
 *fill*         0x00000000c0107009        0x3 00
 .text          0x00000000c010700c       0xc2 proc/pic.o
                0x00000000c0107046                init_pic
                0x00000000c010706e                reset_pic
                0x00000000c01070c9                register_timer
 *fill*         0x00000000c01070ce        0x2 00
 .text          0x00000000c01070d0      0x348 proc/proc.o
                0x00000000c0107107                context_switch
                0x00000000c010713f                begin_multitasking
                0x00000000c010719c                fork
 .text          0x00000000c0107418        0x5 proc/scheduler.o
                0x00000000c0107418                schedule
 *fill*         0x00000000c010741d        0x3 00
 .text          0x00000000c0107420       0xa6 proc/stack.o
                0x00000000c0107420                get_eip
                0x00000000c0107428                get_esp
                0x00000000c010743d                set_esp
                0x00000000c0107447                set_ss
                0x00000000c010745c                push_regs
                0x00000000c0107471                copy_stack
                0x00000000c01074b2                pop_context
 *fill*         0x00000000c01074c6        0x2 00
 .text          0x00000000c01074c8       0x7b main.o
                0x00000000c01074c8                main
 *(.rodata*)
 .rodata        0x00000000c0107543       0x9e boot/acpi.o
 .rodata        0x00000000c01075e1        0x7 core/console.o
 .rodata        0x00000000c01075e8       0x48 mm/mmap.o
 .rodata        0x00000000c0107630       0x4b mm/paging.o
 *fill*         0x00000000c010767b        0x1 00
 .rodata        0x00000000c010767c       0x45 mm/alloc.o
 *fill*         0x00000000c01076c1        0x3 00
 .rodata        0x00000000c01076c4       0x57 mm/kheap.o
 .rodata        0x00000000c010771b       0x37 mm/ppa.o
 .rodata        0x00000000c0107752       0x5e util/debug.o
 .rodata        0x00000000c01077b0       0xa8 drivers/kbd.o
 .rodata        0x00000000c0107858        0xd proc/pic.o
 .rodata        0x00000000c0107865       0x13 main.o

.eh_frame       0x00000000c0107878      0xcb4 load address 0x0000000000107878
 .eh_frame      0x00000000c0107878       0x78 boot/acpi.o
 .eh_frame      0x00000000c01078f0       0x60 boot/isr.o
                                         0x78 (size before relaxing)
 .eh_frame      0x00000000c0107950       0xe0 boot/init_tables.o
                                         0xf8 (size before relaxing)
 .eh_frame      0x00000000c0107a30      0x124 core/console.o
                                        0x13c (size before relaxing)
 .eh_frame      0x00000000c0107b54       0xec core/io.o
                                        0x104 (size before relaxing)
 .eh_frame      0x00000000c0107c40       0xe0 core/string.o
                                         0xf8 (size before relaxing)
 .eh_frame      0x00000000c0107d20       0xac mm/mmap.o
                                         0xc4 (size before relaxing)
 .eh_frame      0x00000000c0107dcc      0x1ac mm/paging.o
                                        0x1c4 (size before relaxing)
 .eh_frame      0x00000000c0107f78      0x118 mm/alloc.o
                                        0x130 (size before relaxing)
 .eh_frame      0x00000000c0108090       0xe0 mm/kheap.o
                                         0xf8 (size before relaxing)
 .eh_frame      0x00000000c0108170       0x94 mm/ppa.o
                                         0xac (size before relaxing)
 .eh_frame      0x00000000c0108204       0x40 lib/list.o
                                         0x58 (size before relaxing)
 .eh_frame      0x00000000c0108244       0x7c util/debug.o
                                         0x94 (size before relaxing)
 .eh_frame      0x00000000c01082c0       0x40 drivers/kbd.o
                                         0x58 (size before relaxing)
 .eh_frame      0x00000000c0108300       0x80 proc/pic.o
                                         0x98 (size before relaxing)
 .eh_frame      0x00000000c0108380       0x88 proc/proc.o
                                         0xa0 (size before relaxing)
 .eh_frame      0x00000000c0108408       0x20 proc/scheduler.o
                                         0x38 (size before relaxing)
 .eh_frame      0x00000000c0108428       0xe4 proc/stack.o
                                         0xfc (size before relaxing)
 .eh_frame      0x00000000c010850c       0x20 main.o
                                         0x38 (size before relaxing)

.iplt           0x00000000c0108530        0x0 load address 0x0000000000108530
 .iplt          0x0000000000000000        0x0 bootstrap.o

.rel.dyn        0x00000000c010852c        0x0 load address 0x000000000010852c
 .rel.iplt      0x0000000000000000        0x0 bootstrap.o
 .rel.text      0x0000000000000000        0x0 bootstrap.o

.data           0x00000000c0109000      0x124 load address 0x0000000000109000
 *(.data)
 .data          0x00000000c0109000        0x0 bootstrap.o
 .data          0x00000000c0109000        0x0 boot/acpi.o
 .data          0x00000000c0109000        0x0 boot/isr.o
 .data          0x00000000c0109000        0x0 boot/init_tables.o
 .data          0x00000000c0109000        0x4 core/console.o
                0x00000000c0109000                vid_mem
 .data          0x00000000c0109004        0x0 core/io.o
 .data          0x00000000c0109004        0x0 core/string.o
 .data          0x00000000c0109004        0x0 mm/mmap.o
 .data          0x00000000c0109004        0x0 mm/paging.o
 .data          0x00000000c0109004        0x0 mm/alloc.o
 .data          0x00000000c0109004        0x0 mm/kheap.o
 .data          0x00000000c0109004        0x0 mm/ppa.o
 .data          0x00000000c0109004        0x0 lib/list.o
 .data          0x00000000c0109004        0x0 util/debug.o
 *fill*         0x00000000c0109004       0x1c 00
 .data          0x00000000c0109020      0x100 drivers/kbd.o
 .data          0x00000000c0109120        0x0 proc/pic.o
 .data          0x00000000c0109120        0x4 proc/proc.o
                0x00000000c0109120                next_pid
 .data          0x00000000c0109124        0x0 proc/scheduler.o
 .data          0x00000000c0109124        0x0 proc/stack.o
 .data          0x00000000c0109124        0x0 main.o

.igot.plt       0x00000000c0109124        0x0 load address 0x0000000000109124
 .igot.plt      0x0000000000000000        0x0 bootstrap.o

.bss            0x00000000c010a000    0x27484 load address 0x000000000010a000
                0x00000000c010a000                bss = .
 *(.bss)
 .bss           0x00000000c010a000        0x0 bootstrap.o
 .bss           0x00000000c010a000        0x0 boot/acpi.o
 .bss           0x00000000c010a000        0x0 boot/isr.o
 .bss           0x00000000c010a000        0x0 boot/init_tables.o
 .bss           0x00000000c010a000        0x4 core/console.o
 .bss           0x00000000c010a004        0x0 core/io.o
 .bss           0x00000000c010a004        0x0 core/string.o
 .bss           0x00000000c010a004        0x4 mm/mmap.o
 .bss           0x00000000c010a008        0x0 mm/paging.o
 .bss           0x00000000c010a008        0x0 mm/alloc.o
 .bss           0x00000000c010a008        0x0 mm/kheap.o
 .bss           0x00000000c010a008        0x0 mm/ppa.o
 .bss           0x00000000c010a008        0x0 lib/list.o
 .bss           0x00000000c010a008        0x0 util/debug.o
 .bss           0x00000000c010a008        0x4 drivers/kbd.o
 .bss           0x00000000c010a00c        0x4 proc/pic.o
 .bss           0x00000000c010a010        0x4 proc/proc.o
                0x00000000c010a010                current_proc
 .bss           0x00000000c010a014        0x0 proc/scheduler.o
 .bss           0x00000000c010a014        0x0 proc/stack.o
 .bss           0x00000000c010a014        0x0 main.o
 *fill*         0x00000000c010a014        0xc 00
 COMMON         0x00000000c010a020      0x400 boot/isr.o
                0x00000000c010a020                interrupt_handlers
 COMMON         0x00000000c010a420      0x8cc boot/init_tables.o
                0x00000000c010a420                gdt_entries
                0x00000000c010a460                current_tss
                0x00000000c010a4e0                idt_entries
                0x00000000c010ace0                i_ptr
                0x00000000c010ace6                g_ptr
 *fill*         0x00000000c010acec      0x314 00
 COMMON         0x00000000c010b000     0x6000 mm/paging.o
                0x00000000c010b000                current_page_directory
                0x00000000c010c000                init_stack
                0x00000000c010e000                init_pgtbl
                0x00000000c010f000                kernel_page_directory
                0x00000000c0110000                init_pgdir
 COMMON         0x00000000c0111000    0x20000 mm/alloc.o
                0x00000000c0111000                page_map
 COMMON         0x00000000c0131000       0x10 mm/kheap.o
                0x00000000c0131000                kern_heap
                0x00000000c013100c                next_alloc_address
 *fill*         0x00000000c0131010       0x10 00
 COMMON         0x00000000c0131020      0x400 mm/ppa.o
                0x00000000c0131020                PPAInstance
 COMMON         0x00000000c0131420       0x60 proc/proc.o
                0x00000000c0131420                proc1
                0x00000000c0131440                init_regs
 COMMON         0x00000000c0131480        0x4 main.o
                0x00000000c0131480                core_stack
                0x00000000c0131484                end = .
                0x0000000000131484                PROVIDE (kern_end, (. - 0xc0000000))
LOAD bootstrap.o
LOAD boot/acpi.o
LOAD boot/interrupt.o
LOAD boot/isr.o
LOAD boot/gdt.o
LOAD boot/init_tables.o
LOAD core/console.o
LOAD core/io.o
LOAD core/string.o
LOAD mm/mmap.o
LOAD mm/paging.o
LOAD mm/alloc.o
LOAD mm/kheap.o
LOAD mm/ppa.o
LOAD lib/list.o
LOAD util/debug.o
LOAD drivers/kbd.o
LOAD proc/pic.o
LOAD proc/proc.o
LOAD proc/scheduler.o
LOAD proc/stack.o
LOAD main.o
OUTPUT(kernel elf32-i386)

.comment        0x0000000000000000       0x2a
 .comment       0x0000000000000000       0x2a boot/acpi.o
                                         0x2b (size before relaxing)
 .comment       0x0000000000000000       0x2b boot/isr.o
 .comment       0x0000000000000000       0x2b boot/init_tables.o
 .comment       0x0000000000000000       0x2b core/console.o
 .comment       0x0000000000000000       0x2b core/io.o
 .comment       0x0000000000000000       0x2b core/string.o
 .comment       0x0000000000000000       0x2b mm/mmap.o
 .comment       0x0000000000000000       0x2b mm/paging.o
 .comment       0x0000000000000000       0x2b mm/alloc.o
 .comment       0x0000000000000000       0x2b mm/kheap.o
 .comment       0x0000000000000000       0x2b mm/ppa.o
 .comment       0x0000000000000000       0x2b lib/list.o
 .comment       0x0000000000000000       0x2b util/debug.o
 .comment       0x0000000000000000       0x2b drivers/kbd.o
 .comment       0x0000000000000000       0x2b proc/pic.o
 .comment       0x0000000000000000       0x2b proc/proc.o
 .comment       0x0000000000000000       0x2b proc/scheduler.o
 .comment       0x0000000000000000       0x2b proc/stack.o
 .comment       0x0000000000000000       0x2b main.o

.note.GNU-stack
                0x0000000000000000        0x0
 .note.GNU-stack
                0x0000000000000000        0x0 boot/acpi.o
 .note.GNU-stack
                0x0000000000000000        0x0 boot/isr.o
 .note.GNU-stack
                0x0000000000000000        0x0 boot/init_tables.o
 .note.GNU-stack
                0x0000000000000000        0x0 core/console.o
 .note.GNU-stack
                0x0000000000000000        0x0 core/io.o
 .note.GNU-stack
                0x0000000000000000        0x0 core/string.o
 .note.GNU-stack
                0x0000000000000000        0x0 mm/mmap.o
 .note.GNU-stack
                0x0000000000000000        0x0 mm/paging.o
 .note.GNU-stack
                0x0000000000000000        0x0 mm/alloc.o
 .note.GNU-stack
                0x0000000000000000        0x0 mm/kheap.o
 .note.GNU-stack
                0x0000000000000000        0x0 mm/ppa.o
 .note.GNU-stack
                0x0000000000000000        0x0 lib/list.o
 .note.GNU-stack
                0x0000000000000000        0x0 util/debug.o
 .note.GNU-stack
                0x0000000000000000        0x0 drivers/kbd.o
 .note.GNU-stack
                0x0000000000000000        0x0 proc/pic.o
 .note.GNU-stack
                0x0000000000000000        0x0 proc/proc.o
 .note.GNU-stack
                0x0000000000000000        0x0 proc/scheduler.o
 .note.GNU-stack
                0x0000000000000000        0x0 proc/stack.o
 .note.GNU-stack
                0x0000000000000000        0x0 main.o
